2021-01-08 19:38:34.683 - INFO - 8096 - azureml.train.automl._azureautomlclient.modify_run_configuration:199 - Package azureml-train-automl missing from dependencies file.
2021-01-08 19:38:34.684 - INFO - 8096 - azureml.train.automl._azureautomlclient.modify_run_configuration:205 - Using pinned version: azureml-train-automl==1.19.0.*
2021-01-08 19:38:34.686 - INFO - 8096 - azureml.train.automl._azureautomlclient.modify_run_configuration:199 - Package pandas missing from dependencies file.
2021-01-08 19:38:34.687 - INFO - 8096 - azureml.train.automl._azureautomlclient.modify_run_configuration:205 - Using pinned version: pandas==0.25.1
2021-01-08 19:38:34.689 - INFO - 8096 - azureml.train.automl._azureautomlclient.modify_run_configuration:199 - Package psutil missing from dependencies file.
2021-01-08 19:38:34.708 - INFO - 8096 - azureml.train.automl._azureautomlclient.modify_run_configuration:205 - Using pinned version: psutil>5.0.0,<6.0.0
2021-01-08 19:38:34.722 - INFO - 8096 - azureml.train.automl._azureautomlclient.modify_run_configuration:199 - Package scikit-learn missing from dependencies file.
2021-01-08 19:38:34.728 - INFO - 8096 - azureml.train.automl._azureautomlclient.modify_run_configuration:205 - Using pinned version: scikit-learn==0.22.1
2021-01-08 19:38:34.730 - INFO - 8096 - azureml.train.automl._azureautomlclient.modify_run_configuration:199 - Package numpy missing from dependencies file.
2021-01-08 19:38:34.731 - INFO - 8096 - azureml.train.automl._azureautomlclient.modify_run_configuration:205 - Using pinned version: numpy~=1.18.0
2021-01-08 19:38:34.733 - INFO - 8096 - azureml.train.automl._azureautomlclient.modify_run_configuration:199 - Package py-xgboost missing from dependencies file.
2021-01-08 19:38:34.734 - INFO - 8096 - azureml.train.automl._azureautomlclient.modify_run_configuration:205 - Using pinned version: py-xgboost<=0.90
2021-01-08 19:38:34.736 - INFO - 8096 - azureml.train.automl._azureautomlclient.modify_run_configuration:199 - Package inference-schema missing from dependencies file.
2021-01-08 19:38:34.738 - INFO - 8096 - azureml.train.automl._azureautomlclient.modify_run_configuration:199 - Package fbprophet missing from dependencies file.
2021-01-08 19:38:34.741 - INFO - 8096 - azureml.train.automl._azureautomlclient.modify_run_configuration:205 - Using pinned version: fbprophet==0.5
2021-01-08 19:38:34.743 - INFO - 8096 - azureml.train.automl._azureautomlclient.modify_run_configuration:199 - Package setuptools-git missing from dependencies file.
2021-01-08 19:38:34.781 - INFO - 8096 - azureml.train.automl._azureautomlclient._validate_input:663 - Start data validation.
2021-01-08 19:38:38.428 - INFO - 8096 - azureml.train.automl._azureautomlclient._validate_input:676 - Validation service found the data has no errors.
2021-01-08 19:38:38.430 - INFO - 8096 - azureml.train.automl._azureautomlclient._create_parent_run_for_remote:541 - Start creating parent run.
2021-01-08 19:38:38.967 - INFO - 8096 - azureml.train.automl._azureautomlclient._create_parent_run_for_remote:561 - [ParentRunID:AutoML_0e092c2f-599d-4e04-ba3d-256a5451ae0c] Remote run using input X and y.
2021-01-08 19:38:39.149 - INFO - 8096 - azureml.train.automl._azureautomlclient._create_parent_run_for_remote:574 - Parent Run ID: AutoML_0e092c2f-599d-4e04-ba3d-256a5451ae0c
2021-01-08 19:38:39.151 - INFO - 8096 - azureml.train.automl._azureautomlclient._fit_remote_core:502 - Starting a snapshot run (snapshot_id : None)
2021-01-08 20:07:11.253 - INFO - 8096 - azureml.train.automl._azureautomlclient.modify_run_configuration:199 - Package azureml-train-automl missing from dependencies file.
2021-01-08 20:07:11.255 - INFO - 8096 - azureml.train.automl._azureautomlclient.modify_run_configuration:205 - Using pinned version: azureml-train-automl==1.19.0.*
2021-01-08 20:07:11.257 - INFO - 8096 - azureml.train.automl._azureautomlclient.modify_run_configuration:199 - Package pandas missing from dependencies file.
2021-01-08 20:07:11.258 - INFO - 8096 - azureml.train.automl._azureautomlclient.modify_run_configuration:205 - Using pinned version: pandas==0.25.1
2021-01-08 20:07:11.258 - INFO - 8096 - azureml.train.automl._azureautomlclient.modify_run_configuration:199 - Package psutil missing from dependencies file.
2021-01-08 20:07:11.265 - INFO - 8096 - azureml.train.automl._azureautomlclient.modify_run_configuration:205 - Using pinned version: psutil>5.0.0,<6.0.0
2021-01-08 20:07:11.266 - INFO - 8096 - azureml.train.automl._azureautomlclient.modify_run_configuration:199 - Package scikit-learn missing from dependencies file.
2021-01-08 20:07:11.268 - INFO - 8096 - azureml.train.automl._azureautomlclient.modify_run_configuration:205 - Using pinned version: scikit-learn==0.22.1
2021-01-08 20:07:11.270 - INFO - 8096 - azureml.train.automl._azureautomlclient.modify_run_configuration:199 - Package numpy missing from dependencies file.
2021-01-08 20:07:11.271 - INFO - 8096 - azureml.train.automl._azureautomlclient.modify_run_configuration:205 - Using pinned version: numpy~=1.18.0
2021-01-08 20:07:11.273 - INFO - 8096 - azureml.train.automl._azureautomlclient.modify_run_configuration:199 - Package py-xgboost missing from dependencies file.
2021-01-08 20:07:11.307 - INFO - 8096 - azureml.train.automl._azureautomlclient.modify_run_configuration:205 - Using pinned version: py-xgboost<=0.90
2021-01-08 20:07:11.313 - INFO - 8096 - azureml.train.automl._azureautomlclient.modify_run_configuration:199 - Package inference-schema missing from dependencies file.
2021-01-08 20:07:11.315 - INFO - 8096 - azureml.train.automl._azureautomlclient.modify_run_configuration:199 - Package fbprophet missing from dependencies file.
2021-01-08 20:07:11.316 - INFO - 8096 - azureml.train.automl._azureautomlclient.modify_run_configuration:205 - Using pinned version: fbprophet==0.5
2021-01-08 20:07:11.318 - INFO - 8096 - azureml.train.automl._azureautomlclient.modify_run_configuration:199 - Package setuptools-git missing from dependencies file.
2021-01-08 20:07:11.380 - INFO - 8096 - azureml.train.automl._azureautomlclient._validate_input:663 - Start data validation.
2021-01-08 20:07:15.742 - INFO - 8096 - azureml.train.automl._azureautomlclient._validate_input:676 - Validation service found the data has no errors.
2021-01-08 20:07:15.744 - INFO - 8096 - azureml.train.automl._azureautomlclient._create_parent_run_for_remote:541 - Start creating parent run.
2021-01-08 20:07:16.185 - INFO - 8096 - azureml.train.automl._azureautomlclient._create_parent_run_for_remote:561 - [ParentRunID:AutoML_dc2dc594-c235-4b52-acfd-c2f33d29c859] Remote run using input X and y.
2021-01-08 20:07:16.382 - INFO - 8096 - azureml.train.automl._azureautomlclient._create_parent_run_for_remote:574 - Parent Run ID: AutoML_dc2dc594-c235-4b52-acfd-c2f33d29c859
2021-01-08 20:07:16.384 - INFO - 8096 - azureml.train.automl._azureautomlclient._fit_remote_core:502 - Starting a snapshot run (snapshot_id : None)
2021-01-08 20:22:33.120 - INFO - 8096 - azureml.train.automl._azureautomlclient.modify_run_configuration:199 - Package azureml-train-automl missing from dependencies file.
2021-01-08 20:22:33.122 - INFO - 8096 - azureml.train.automl._azureautomlclient.modify_run_configuration:205 - Using pinned version: azureml-train-automl==1.19.0.*
2021-01-08 20:22:33.123 - INFO - 8096 - azureml.train.automl._azureautomlclient.modify_run_configuration:199 - Package pandas missing from dependencies file.
2021-01-08 20:22:33.124 - INFO - 8096 - azureml.train.automl._azureautomlclient.modify_run_configuration:205 - Using pinned version: pandas==0.25.1
2021-01-08 20:22:33.127 - INFO - 8096 - azureml.train.automl._azureautomlclient.modify_run_configuration:199 - Package psutil missing from dependencies file.
2021-01-08 20:22:33.129 - INFO - 8096 - azureml.train.automl._azureautomlclient.modify_run_configuration:205 - Using pinned version: psutil>5.0.0,<6.0.0
2021-01-08 20:22:33.131 - INFO - 8096 - azureml.train.automl._azureautomlclient.modify_run_configuration:199 - Package scikit-learn missing from dependencies file.
2021-01-08 20:22:33.134 - INFO - 8096 - azureml.train.automl._azureautomlclient.modify_run_configuration:205 - Using pinned version: scikit-learn==0.22.1
2021-01-08 20:22:33.137 - INFO - 8096 - azureml.train.automl._azureautomlclient.modify_run_configuration:199 - Package numpy missing from dependencies file.
2021-01-08 20:22:33.139 - INFO - 8096 - azureml.train.automl._azureautomlclient.modify_run_configuration:205 - Using pinned version: numpy~=1.18.0
2021-01-08 20:22:33.140 - INFO - 8096 - azureml.train.automl._azureautomlclient.modify_run_configuration:199 - Package py-xgboost missing from dependencies file.
2021-01-08 20:22:33.144 - INFO - 8096 - azureml.train.automl._azureautomlclient.modify_run_configuration:205 - Using pinned version: py-xgboost<=0.90
2021-01-08 20:22:33.176 - INFO - 8096 - azureml.train.automl._azureautomlclient.modify_run_configuration:199 - Package inference-schema missing from dependencies file.
2021-01-08 20:22:33.178 - INFO - 8096 - azureml.train.automl._azureautomlclient.modify_run_configuration:199 - Package fbprophet missing from dependencies file.
2021-01-08 20:22:33.179 - INFO - 8096 - azureml.train.automl._azureautomlclient.modify_run_configuration:205 - Using pinned version: fbprophet==0.5
2021-01-08 20:22:33.180 - INFO - 8096 - azureml.train.automl._azureautomlclient.modify_run_configuration:199 - Package setuptools-git missing from dependencies file.
2021-01-08 20:22:33.240 - INFO - 8096 - azureml.train.automl._azureautomlclient._validate_input:663 - Start data validation.
2021-01-08 20:22:36.088 - INFO - 8096 - azureml.train.automl._azureautomlclient._validate_input:676 - Validation service found the data has no errors.
2021-01-08 20:22:36.089 - INFO - 8096 - azureml.train.automl._azureautomlclient._create_parent_run_for_remote:541 - Start creating parent run.
2021-01-08 20:22:36.535 - INFO - 8096 - azureml.train.automl._azureautomlclient._create_parent_run_for_remote:561 - [ParentRunID:AutoML_5a1a518c-0601-4968-9a98-c412529a55f3] Remote run using input X and y.
2021-01-08 20:22:36.686 - INFO - 8096 - azureml.train.automl._azureautomlclient._create_parent_run_for_remote:574 - Parent Run ID: AutoML_5a1a518c-0601-4968-9a98-c412529a55f3
2021-01-08 20:22:36.690 - INFO - 8096 - azureml.train.automl._azureautomlclient._fit_remote_core:502 - Starting a snapshot run (snapshot_id : None)
2021-01-10 17:20:09.869 - INFO - 8040 - azureml.train.automl._azureautomlclient.modify_run_configuration:199 - Package azureml-train-automl missing from dependencies file.
2021-01-10 17:20:09.871 - INFO - 8040 - azureml.train.automl._azureautomlclient.modify_run_configuration:205 - Using pinned version: azureml-train-automl==1.19.0.*
2021-01-10 17:20:09.872 - INFO - 8040 - azureml.train.automl._azureautomlclient.modify_run_configuration:199 - Package pandas missing from dependencies file.
2021-01-10 17:20:09.873 - INFO - 8040 - azureml.train.automl._azureautomlclient.modify_run_configuration:205 - Using pinned version: pandas==0.25.1
2021-01-10 17:20:09.875 - INFO - 8040 - azureml.train.automl._azureautomlclient.modify_run_configuration:199 - Package psutil missing from dependencies file.
2021-01-10 17:20:09.877 - INFO - 8040 - azureml.train.automl._azureautomlclient.modify_run_configuration:205 - Using pinned version: psutil>5.0.0,<6.0.0
2021-01-10 17:20:09.878 - INFO - 8040 - azureml.train.automl._azureautomlclient.modify_run_configuration:199 - Package scikit-learn missing from dependencies file.
2021-01-10 17:20:09.879 - INFO - 8040 - azureml.train.automl._azureautomlclient.modify_run_configuration:205 - Using pinned version: scikit-learn==0.22.1
2021-01-10 17:20:09.881 - INFO - 8040 - azureml.train.automl._azureautomlclient.modify_run_configuration:199 - Package numpy missing from dependencies file.
2021-01-10 17:20:09.882 - INFO - 8040 - azureml.train.automl._azureautomlclient.modify_run_configuration:205 - Using pinned version: numpy~=1.18.0
2021-01-10 17:20:09.883 - INFO - 8040 - azureml.train.automl._azureautomlclient.modify_run_configuration:199 - Package py-xgboost missing from dependencies file.
2021-01-10 17:20:09.884 - INFO - 8040 - azureml.train.automl._azureautomlclient.modify_run_configuration:205 - Using pinned version: py-xgboost<=0.90
2021-01-10 17:20:09.886 - INFO - 8040 - azureml.train.automl._azureautomlclient.modify_run_configuration:199 - Package inference-schema missing from dependencies file.
2021-01-10 17:20:09.916 - INFO - 8040 - azureml.train.automl._azureautomlclient.modify_run_configuration:199 - Package fbprophet missing from dependencies file.
2021-01-10 17:20:09.917 - INFO - 8040 - azureml.train.automl._azureautomlclient.modify_run_configuration:205 - Using pinned version: fbprophet==0.5
2021-01-10 17:20:09.920 - INFO - 8040 - azureml.train.automl._azureautomlclient.modify_run_configuration:199 - Package setuptools-git missing from dependencies file.
2021-01-10 17:20:09.952 - INFO - 8040 - azureml.train.automl._azureautomlclient._validate_input:663 - Start data validation.
2021-01-10 17:20:11.753 - INFO - 8040 - azureml.train.automl._azureautomlclient._validate_input:676 - Validation service found the data has no errors.
2021-01-10 17:20:11.754 - INFO - 8040 - azureml.train.automl._azureautomlclient._create_parent_run_for_remote:541 - Start creating parent run.
2021-01-10 17:20:12.240 - INFO - 8040 - azureml.train.automl._azureautomlclient._create_parent_run_for_remote:561 - [ParentRunID:AutoML_edf0fdca-d7f1-478a-a260-5eb172d658ae] Remote run using input X and y.
2021-01-10 17:20:12.552 - INFO - 8040 - azureml.train.automl._azureautomlclient._create_parent_run_for_remote:574 - Parent Run ID: AutoML_edf0fdca-d7f1-478a-a260-5eb172d658ae
2021-01-10 17:20:12.555 - INFO - 8040 - azureml.train.automl._azureautomlclient._fit_remote_core:502 - Starting a snapshot run (snapshot_id : None)
2021-01-10 18:51:57.572 - INFO - 8040 - azureml.train.automl._azureautomlclient.modify_run_configuration:199 - Package azureml-train-automl missing from dependencies file.
2021-01-10 18:51:57.573 - INFO - 8040 - azureml.train.automl._azureautomlclient.modify_run_configuration:205 - Using pinned version: azureml-train-automl==1.19.0.*
2021-01-10 18:51:57.575 - INFO - 8040 - azureml.train.automl._azureautomlclient.modify_run_configuration:199 - Package pandas missing from dependencies file.
2021-01-10 18:51:57.576 - INFO - 8040 - azureml.train.automl._azureautomlclient.modify_run_configuration:205 - Using pinned version: pandas==0.25.1
2021-01-10 18:51:57.577 - INFO - 8040 - azureml.train.automl._azureautomlclient.modify_run_configuration:199 - Package psutil missing from dependencies file.
2021-01-10 18:51:57.579 - INFO - 8040 - azureml.train.automl._azureautomlclient.modify_run_configuration:205 - Using pinned version: psutil>5.0.0,<6.0.0
2021-01-10 18:51:57.580 - INFO - 8040 - azureml.train.automl._azureautomlclient.modify_run_configuration:199 - Package scikit-learn missing from dependencies file.
2021-01-10 18:51:57.581 - INFO - 8040 - azureml.train.automl._azureautomlclient.modify_run_configuration:205 - Using pinned version: scikit-learn==0.22.1
2021-01-10 18:51:57.582 - INFO - 8040 - azureml.train.automl._azureautomlclient.modify_run_configuration:199 - Package numpy missing from dependencies file.
2021-01-10 18:51:57.584 - INFO - 8040 - azureml.train.automl._azureautomlclient.modify_run_configuration:205 - Using pinned version: numpy~=1.18.0
2021-01-10 18:51:57.585 - INFO - 8040 - azureml.train.automl._azureautomlclient.modify_run_configuration:199 - Package py-xgboost missing from dependencies file.
2021-01-10 18:51:57.586 - INFO - 8040 - azureml.train.automl._azureautomlclient.modify_run_configuration:205 - Using pinned version: py-xgboost<=0.90
2021-01-10 18:51:57.587 - INFO - 8040 - azureml.train.automl._azureautomlclient.modify_run_configuration:199 - Package inference-schema missing from dependencies file.
2021-01-10 18:51:57.589 - INFO - 8040 - azureml.train.automl._azureautomlclient.modify_run_configuration:199 - Package fbprophet missing from dependencies file.
2021-01-10 18:51:57.590 - INFO - 8040 - azureml.train.automl._azureautomlclient.modify_run_configuration:205 - Using pinned version: fbprophet==0.5
2021-01-10 18:51:57.591 - INFO - 8040 - azureml.train.automl._azureautomlclient.modify_run_configuration:199 - Package setuptools-git missing from dependencies file.
2021-01-10 18:51:57.654 - INFO - 8040 - azureml.train.automl._azureautomlclient._validate_input:663 - Start data validation.
2021-01-10 18:51:59.308 - INFO - 8040 - azureml.train.automl._azureautomlclient._validate_input:676 - Validation service found the data has no errors.
2021-01-10 18:51:59.309 - INFO - 8040 - azureml.train.automl._azureautomlclient._create_parent_run_for_remote:541 - Start creating parent run.
2021-01-10 18:51:59.772 - INFO - 8040 - azureml.train.automl._azureautomlclient._create_parent_run_for_remote:561 - [ParentRunID:AutoML_92fa08e0-24f4-46bf-8e0e-77d035c3d5ad] Remote run using input X and y.
2021-01-10 18:51:59.963 - INFO - 8040 - azureml.train.automl._azureautomlclient._create_parent_run_for_remote:574 - Parent Run ID: AutoML_92fa08e0-24f4-46bf-8e0e-77d035c3d5ad
2021-01-10 18:51:59.970 - INFO - 8040 - azureml.train.automl._azureautomlclient._fit_remote_core:502 - Starting a snapshot run (snapshot_id : None)
